<?xml version="1.0" encoding="UTF-8"?>
<testng-results ignored="0" total="1" passed="1" failed="0" skipped="0">
  <reporter-output>
  </reporter-output>
  <suite started-at="2019-09-27T21:20:17Z" name="Surefire suite" finished-at="2019-09-27T21:20:19Z" duration-ms="2843">
    <groups>
    </groups>
    <test started-at="2019-09-27T21:20:17Z" name="Surefire test" finished-at="2019-09-27T21:20:19Z" duration-ms="2843">
      <class name="testexecution.AboutYouTest">
        <test-method signature="createPage()" started-at="2019-09-27T21:20:17Z" name="createPage" finished-at="2019-09-27T21:20:19Z" duration-ms="2827" status="PASS">
          <reporter-output>
          </reporter-output>
        </test-method> <!-- createPage -->
      </class> <!-- testexecution.AboutYouTest -->
    </test> <!-- Surefire test -->
  </suite> <!-- Surefire suite -->
</testng-results>
